# JRE version: OpenJDK Runtime Environment (7.0_79-b14) (build 1.7.0_79-b14)
# Java VM: OpenJDK 64-Bit Server VM (24.79-b02 mixed mode linux-amd64 compressed oops)
Heap
 PSYoungGen      total 137216K, used 53709K [0x00000000eb680000, 0x00000000f4480000, 0x0000000100000000)
  eden space 130560K, 41% used [0x00000000eb680000,0x00000000eeaf3710,0x00000000f3600000)
  from space 6656K, 0% used [0x00000000f3d00000,0x00000000f3d00000,0x00000000f4380000)
  to   space 7168K, 0% used [0x00000000f3600000,0x00000000f3600000,0x00000000f3d00000)
 ParOldGen       total 94208K, used 29151K [0x00000000c2400000, 0x00000000c8000000, 0x00000000eb680000)
  object space 94208K, 30% used [0x00000000c2400000,0x00000000c4077d08,0x00000000c8000000)
 PSPermGen       total 21504K, used 10428K [0x00000000b7e00000, 0x00000000b9300000, 0x00000000c2400000)
  object space 21504K, 48% used [0x00000000b7e00000,0x00000000b882f158,0x00000000b9300000)
GC Heap History (10 events):
Event: 9.630 GC heap before
{Heap before GC invocations=5 (full 0):
 PSYoungGen      total 35328K, used 34410K [0x00000000eb680000, 0x00000000edb80000, 0x0000000100000000)
  eden space 32768K, 97% used [0x00000000eb680000,0x00000000ed59df88,0x00000000ed680000)
  from space 2560K, 99% used [0x00000000ed900000,0x00000000edb7c920,0x00000000edb80000)
  to   space 2560K, 0% used [0x00000000ed680000,0x00000000ed680000,0x00000000ed900000)
 ParOldGen       total 41984K, used 8077K [0x00000000c2400000, 0x00000000c4d00000, 0x00000000eb680000)
  object space 41984K, 19% used [0x00000000c2400000,0x00000000c2be3668,0x00000000c4d00000)
 PSPermGen       total 21504K, used 10197K [0x00000000b7e00000, 0x00000000b9300000, 0x00000000c2400000)
  object space 21504K, 47% used [0x00000000b7e00000,0x00000000b87f57f0,0x00000000b9300000)
Event: 9.638 GC heap after
Heap after GC invocations=5 (full 0):
 PSYoungGen      total 35328K, used 2530K [0x00000000eb680000, 0x00000000f0480000, 0x0000000100000000)
  eden space 32768K, 0% used [0x00000000eb680000,0x00000000eb680000,0x00000000ed680000)
  from space 2560K, 98% used [0x00000000ed680000,0x00000000ed8f8910,0x00000000ed900000)
  to   space 7168K, 0% used [0x00000000efd80000,0x00000000efd80000,0x00000000f0480000)
 ParOldGen       total 41984K, used 8157K [0x00000000c2400000, 0x00000000c4d00000, 0x00000000eb680000)
  object space 41984K, 19% used [0x00000000c2400000,0x00000000c2bf7668,0x00000000c4d00000)
 PSPermGen       total 21504K, used 10197K [0x00000000b7e00000, 0x00000000b9300000, 0x00000000c2400000)
  object space 21504K, 47% used [0x00000000b7e00000,0x00000000b87f57f0,0x00000000b9300000)
}
Event: 9.877 GC heap before
{Heap before GC invocations=6 (full 0):
 PSYoungGen      total 35328K, used 35298K [0x00000000eb680000, 0x00000000f0480000, 0x0000000100000000)
  eden space 32768K, 100% used [0x00000000eb680000,0x00000000ed680000,0x00000000ed680000)
  from space 2560K, 98% used [0x00000000ed680000,0x00000000ed8f8910,0x00000000ed900000)
  to   space 7168K, 0% used [0x00000000efd80000,0x00000000efd80000,0x00000000f0480000)
 ParOldGen       total 41984K, used 8157K [0x00000000c2400000, 0x00000000c4d00000, 0x00000000eb680000)
  object space 41984K, 19% used [0x00000000c2400000,0x00000000c2bf7668,0x00000000c4d00000)
 PSPermGen       total 21504K, used 10199K [0x00000000b7e00000, 0x00000000b9300000, 0x00000000c2400000)
  object space 21504K, 47% used [0x00000000b7e00000,0x00000000b87f5c00,0x00000000b9300000)
Event: 9.887 GC heap after
Heap after GC invocations=6 (full 0):
 PSYoungGen      total 72704K, used 4594K [0x00000000eb680000, 0x00000000f0480000, 0x0000000100000000)
  eden space 65536K, 0% used [0x00000000eb680000,0x00000000eb680000,0x00000000ef680000)
  from space 7168K, 64% used [0x00000000efd80000,0x00000000f01fc940,0x00000000f0480000)
  to   space 7168K, 0% used [0x00000000ef680000,0x00000000ef680000,0x00000000efd80000)
 ParOldGen       total 41984K, used 8157K [0x00000000c2400000, 0x00000000c4d00000, 0x00000000eb680000)
  object space 41984K, 19% used [0x00000000c2400000,0x00000000c2bf7668,0x00000000c4d00000)
 PSPermGen       total 21504K, used 10199K [0x00000000b7e00000, 0x00000000b9300000, 0x00000000c2400000)
  object space 21504K, 47% used [0x00000000b7e00000,0x00000000b87f5c00,0x00000000b9300000)
}
Event: 10.061 GC heap before
{Heap before GC invocations=7 (full 0):
 PSYoungGen      total 72704K, used 70130K [0x00000000eb680000, 0x00000000f0480000, 0x0000000100000000)
  eden space 65536K, 100% used [0x00000000eb680000,0x00000000ef680000,0x00000000ef680000)
  from space 7168K, 64% used [0x00000000efd80000,0x00000000f01fc940,0x00000000f0480000)
  to   space 7168K, 0% used [0x00000000ef680000,0x00000000ef680000,0x00000000efd80000)
 ParOldGen       total 41984K, used 8157K [0x00000000c2400000, 0x00000000c4d00000, 0x00000000eb680000)
  object space 41984K, 19% used [0x00000000c2400000,0x00000000c2bf7668,0x00000000c4d00000)
 PSPermGen       total 21504K, used 10241K [0x00000000b7e00000, 0x00000000b9300000, 0x00000000c2400000)
  object space 21504K, 47% used [0x00000000b7e00000,0x00000000b88004d8,0x00000000b9300000)
Event: 10.130 GC heap after
Heap after GC invocations=7 (full 0):
 PSYoungGen      total 72704K, used 3296K [0x00000000eb680000, 0x00000000f4380000, 0x0000000100000000)
  eden space 65536K, 0% used [0x00000000eb680000,0x00000000eb680000,0x00000000ef680000)
  from space 7168K, 45% used [0x00000000ef680000,0x00000000ef9b8030,0x00000000efd80000)
  to   space 6656K, 0% used [0x00000000f3d00000,0x00000000f3d00000,0x00000000f4380000)
 ParOldGen       total 85504K, used 52904K [0x00000000c2400000, 0x00000000c7780000, 0x00000000eb680000)
  object space 85504K, 61% used [0x00000000c2400000,0x00000000c57aa3b0,0x00000000c7780000)
 PSPermGen       total 21504K, used 10241K [0x00000000b7e00000, 0x00000000b9300000, 0x00000000c2400000)
  object space 21504K, 47% used [0x00000000b7e00000,0x00000000b88004d8,0x00000000b9300000)
}
Event: 37.690 GC heap before
{Heap before GC invocations=8 (full 0):
 PSYoungGen      total 72704K, used 68832K [0x00000000eb680000, 0x00000000f4380000, 0x0000000100000000)
  eden space 65536K, 100% used [0x00000000eb680000,0x00000000ef680000,0x00000000ef680000)
  from space 7168K, 45% used [0x00000000ef680000,0x00000000ef9b8030,0x00000000efd80000)
  to   space 6656K, 0% used [0x00000000f3d00000,0x00000000f3d00000,0x00000000f4380000)
 ParOldGen       total 252416K, used 218796K [0x00000000c2400000, 0x00000000d1a80000, 0x00000000eb680000)
  object space 252416K, 86% used [0x00000000c2400000,0x00000000cf9ab1e8,0x00000000d1a80000)
 PSPermGen       total 21504K, used 10407K [0x00000000b7e00000, 0x00000000b9300000, 0x00000000c2400000)
  object space 21504K, 48% used [0x00000000b7e00000,0x00000000b8829f18,0x00000000b9300000)
Event: 37.766 GC heap after
Heap after GC invocations=8 (full 0):
 PSYoungGen      total 137216K, used 1536K [0x00000000eb680000, 0x00000000f4480000, 0x0000000100000000)
  eden space 130560K, 0% used [0x00000000eb680000,0x00000000eb680000,0x00000000f3600000)
  from space 6656K, 23% used [0x00000000f3d00000,0x00000000f3e80010,0x00000000f4380000)
  to   space 7168K, 0% used [0x00000000f3600000,0x00000000f3600000,0x00000000f3d00000)
 ParOldGen       total 279040K, used 271293K [0x00000000c2400000, 0x00000000d3480000, 0x00000000eb680000)
  object space 279040K, 97% used [0x00000000c2400000,0x00000000d2cef6d8,0x00000000d3480000)
 PSPermGen       total 21504K, used 10407K [0x00000000b7e00000, 0x00000000b9300000, 0x00000000c2400000)
  object space 21504K, 48% used [0x00000000b7e00000,0x00000000b8829f18,0x00000000b9300000)
}
Event: 37.818 GC heap before
{Heap before GC invocations=9 (full 1):
 PSYoungGen      total 137216K, used 1536K [0x00000000eb680000, 0x00000000f4480000, 0x0000000100000000)
  eden space 130560K, 0% used [0x00000000eb680000,0x00000000eb680000,0x00000000f3600000)
  from space 6656K, 23% used [0x00000000f3d00000,0x00000000f3e80010,0x00000000f4380000)
  to   space 7168K, 0% used [0x00000000f3600000,0x00000000f3600000,0x00000000f3d00000)
 ParOldGen       total 279040K, used 271293K [0x00000000c2400000, 0x00000000d3480000, 0x00000000eb680000)
  object space 279040K, 97% used [0x00000000c2400000,0x00000000d2cef6d8,0x00000000d3480000)
 PSPermGen       total 21504K, used 10407K [0x00000000b7e00000, 0x00000000b9300000, 0x00000000c2400000)
  object space 21504K, 48% used [0x00000000b7e00000,0x00000000b8829f18,0x00000000b9300000)
Event: 37.947 GC heap after
Heap after GC invocations=9 (full 1):
 PSYoungGen      total 137216K, used 0K [0x00000000eb680000, 0x00000000f4480000, 0x0000000100000000)
  eden space 130560K, 0% used [0x00000000eb680000,0x00000000eb680000,0x00000000f3600000)
  from space 6656K, 0% used [0x00000000f3d00000,0x00000000f3d00000,0x00000000f4380000)
  to   space 7168K, 0% used [0x00000000f3600000,0x00000000f3600000,0x00000000f3d00000)
 ParOldGen       total 94208K, used 29151K [0x00000000c2400000, 0x00000000c8000000, 0x00000000eb680000)
  object space 94208K, 30% used [0x00000000c2400000,0x00000000c4077d08,0x00000000c8000000)
 PSPermGen       total 21504K, used 10406K [0x00000000b7e00000, 0x00000000b9300000, 0x00000000c2400000)
  object space 21504K, 48% used [0x00000000b7e00000,0x00000000b8829828,0x00000000b9300000)
}

